WARNING:root:CUDA device is not available. Will use CPU
WARNING:root:The output folder /home/loki/Desktop/infer exists. New output may overwrite the old output.
INFO:root:Performing object detection:
DEBUG:root:The dimension of the result after nms is torch.Size([0, 6]) for idx 0
INFO:root:Batch 0, Total time: 0.5160510540008545s, 
DEBUG:root:The dimension of the result after nms is torch.Size([0, 6]) for idx 0
INFO:root:Batch 1, Total time: 0.45207834243774414s, 
DEBUG:root:The dimension of the result after nms is torch.Size([0, 6]) for idx 0
INFO:root:Batch 2, Total time: 0.4674515724182129s, 
DEBUG:root:The dimension of the result after nms is torch.Size([0, 6]) for idx 0
INFO:root:Batch 3, Total time: 0.45421791076660156s, 
DEBUG:root:The dimension of the result after nms is torch.Size([0, 6]) for idx 0
INFO:root:Batch 4, Total time: 0.44912290573120117s, 
DEBUG:root:The dimension of the result after nms is torch.Size([0, 6]) for idx 0
INFO:root:Batch 5, Total time: 0.44484591484069824s, 
DEBUG:root:The dimension of the result after nms is torch.Size([0, 6]) for idx 0
INFO:root:Batch 6, Total time: 0.45392537117004395s, 
DEBUG:root:The dimension of the result after nms is torch.Size([0, 6]) for idx 0
INFO:root:Batch 7, Total time: 0.4572947025299072s, 
DEBUG:root:The dimension of the result after nms is torch.Size([0, 6]) for idx 0
INFO:root:Batch 8, Total time: 0.4495275020599365s, 
DEBUG:root:The dimension of the result after nms is torch.Size([0, 6]) for idx 0
INFO:root:Batch 9, Total time: 0.4458916187286377s, 
DEBUG:root:The dimension of the result after nms is torch.Size([0, 6]) for idx 0
INFO:root:Batch 10, Total time: 0.4483036994934082s, 
DEBUG:root:The dimension of the result after nms is torch.Size([0, 6]) for idx 0
INFO:root:Batch 11, Total time: 0.45811915397644043s, 
DEBUG:root:The dimension of the result after nms is torch.Size([0, 6]) for idx 0
INFO:root:Batch 12, Total time: 0.45772266387939453s, 
DEBUG:root:The dimension of the result after nms is torch.Size([0, 6]) for idx 0
INFO:root:Batch 13, Total time: 0.4697716236114502s, 
DEBUG:root:The dimension of the result after nms is torch.Size([0, 6]) for idx 0
INFO:root:Batch 14, Total time: 0.46431684494018555s, 
DEBUG:root:The dimension of the result after nms is torch.Size([0, 6]) for idx 0
INFO:root:Batch 15, Total time: 0.48630547523498535s, 
DEBUG:root:The dimension of the result after nms is torch.Size([0, 6]) for idx 0
INFO:root:Batch 16, Total time: 0.44001173973083496s, 
DEBUG:root:The dimension of the result after nms is torch.Size([0, 6]) for idx 0
INFO:root:Batch 17, Total time: 0.4292895793914795s, 
DEBUG:root:The dimension of the result after nms is torch.Size([0, 6]) for idx 0
INFO:root:Batch 18, Total time: 0.4418303966522217s, 
DEBUG:root:The dimension of the result after nms is torch.Size([0, 6]) for idx 0
INFO:root:Batch 19, Total time: 0.4419565200805664s, 
DEBUG:root:The dimension of the result after nms is torch.Size([0, 6]) for idx 0
INFO:root:Batch 20, Total time: 0.464493989944458s, 
DEBUG:root:The dimension of the result after nms is torch.Size([0, 6]) for idx 0
INFO:root:Batch 21, Total time: 0.44272494316101074s, 
DEBUG:root:The dimension of the result after nms is torch.Size([0, 6]) for idx 0
INFO:root:Batch 22, Total time: 0.4465677738189697s, 
DEBUG:root:The dimension of the result after nms is torch.Size([0, 6]) for idx 0
INFO:root:Batch 23, Total time: 0.4414489269256592s, 
DEBUG:root:The dimension of the result after nms is torch.Size([0, 6]) for idx 0
INFO:root:Batch 24, Total time: 0.46618103981018066s, 
DEBUG:root:The dimension of the result after nms is torch.Size([0, 6]) for idx 0
INFO:root:Batch 25, Total time: 0.4407320022583008s, 
DEBUG:root:The dimension of the result after nms is torch.Size([0, 6]) for idx 0
INFO:root:Batch 26, Total time: 0.4418466091156006s, 
DEBUG:root:The dimension of the result after nms is torch.Size([0, 6]) for idx 0
INFO:root:Batch 27, Total time: 0.4721343517303467s, 
DEBUG:root:The dimension of the result after nms is torch.Size([0, 6]) for idx 0
INFO:root:Batch 28, Total time: 0.4448223114013672s, 
DEBUG:root:The dimension of the result after nms is torch.Size([0, 6]) for idx 0
INFO:root:Batch 29, Total time: 0.4476792812347412s, 
DEBUG:root:The dimension of the result after nms is torch.Size([0, 6]) for idx 0
INFO:root:Batch 30, Total time: 0.4431886672973633s, 
DEBUG:root:The dimension of the result after nms is torch.Size([0, 6]) for idx 0
INFO:root:Batch 31, Total time: 0.47278571128845215s, 
DEBUG:root:The dimension of the result after nms is torch.Size([0, 6]) for idx 0
INFO:root:Batch 32, Total time: 0.5115916728973389s, 
DEBUG:root:The dimension of the result after nms is torch.Size([0, 6]) for idx 0
INFO:root:Batch 33, Total time: 0.44751572608947754s, 
DEBUG:root:The dimension of the result after nms is torch.Size([0, 6]) for idx 0
INFO:root:Batch 34, Total time: 0.4432713985443115s, 
DEBUG:root:The dimension of the result after nms is torch.Size([0, 6]) for idx 0
INFO:root:Batch 35, Total time: 0.46825551986694336s, 
DEBUG:root:The dimension of the result after nms is torch.Size([0, 6]) for idx 0
INFO:root:Batch 36, Total time: 0.4329833984375s, 
DEBUG:root:The dimension of the result after nms is torch.Size([0, 6]) for idx 0
INFO:root:Batch 37, Total time: 0.4451408386230469s, 
DEBUG:root:The dimension of the result after nms is torch.Size([0, 6]) for idx 0
INFO:root:Batch 38, Total time: 0.46485233306884766s, 
DEBUG:root:The dimension of the result after nms is torch.Size([0, 6]) for idx 0
INFO:root:Batch 39, Total time: 0.44129228591918945s, 
DEBUG:root:The dimension of the result after nms is torch.Size([0, 6]) for idx 0
INFO:root:Batch 40, Total time: 0.4392209053039551s, 
DEBUG:root:The dimension of the result after nms is torch.Size([0, 6]) for idx 0
INFO:root:Batch 41, Total time: 0.4654884338378906s, 
DEBUG:root:The dimension of the result after nms is torch.Size([0, 6]) for idx 0
INFO:root:Batch 42, Total time: 0.46219325065612793s, 
DEBUG:root:The dimension of the result after nms is torch.Size([0, 6]) for idx 0
INFO:root:Batch 43, Total time: 0.47121596336364746s, 
DEBUG:root:The dimension of the result after nms is torch.Size([0, 6]) for idx 0
INFO:root:Batch 44, Total time: 0.45209503173828125s, 
DEBUG:root:The dimension of the result after nms is torch.Size([0, 6]) for idx 0
INFO:root:Batch 45, Total time: 0.4420764446258545s, 
DEBUG:root:The dimension of the result after nms is torch.Size([0, 6]) for idx 0
INFO:root:Batch 46, Total time: 0.4447662830352783s, 
DEBUG:root:The dimension of the result after nms is torch.Size([0, 6]) for idx 0
INFO:root:Batch 47, Total time: 0.44396376609802246s, 
DEBUG:root:The dimension of the result after nms is torch.Size([0, 6]) for idx 0
INFO:root:Batch 48, Total time: 0.4463493824005127s, 
DEBUG:root:The dimension of the result after nms is torch.Size([0, 6]) for idx 0
INFO:root:Batch 49, Total time: 0.44410252571105957s, 
DEBUG:root:The dimension of the result after nms is torch.Size([0, 6]) for idx 0
INFO:root:Batch 50, Total time: 0.4445326328277588s, 
DEBUG:root:The dimension of the result after nms is torch.Size([0, 6]) for idx 0
INFO:root:Batch 51, Total time: 0.4448399543762207s, 
DEBUG:root:The dimension of the result after nms is torch.Size([0, 6]) for idx 0
INFO:root:Batch 52, Total time: 0.46142578125s, 
DEBUG:root:The dimension of the result after nms is torch.Size([0, 6]) for idx 0
INFO:root:Batch 53, Total time: 0.44680190086364746s, 
DEBUG:root:The dimension of the result after nms is torch.Size([0, 6]) for idx 0
INFO:root:Batch 54, Total time: 0.4578685760498047s, 
DEBUG:root:The dimension of the result after nms is torch.Size([0, 6]) for idx 0
INFO:root:Batch 55, Total time: 0.45088839530944824s, 
DEBUG:root:The dimension of the result after nms is torch.Size([0, 6]) for idx 0
INFO:root:Batch 56, Total time: 0.44073963165283203s, 
DEBUG:root:The dimension of the result after nms is torch.Size([0, 6]) for idx 0
INFO:root:Batch 57, Total time: 0.451277494430542s, 
DEBUG:root:The dimension of the result after nms is torch.Size([0, 6]) for idx 0
INFO:root:Batch 58, Total time: 0.43881893157958984s, 
DEBUG:root:The dimension of the result after nms is torch.Size([0, 6]) for idx 0
INFO:root:Batch 59, Total time: 0.4502272605895996s, 
DEBUG:root:The dimension of the result after nms is torch.Size([0, 6]) for idx 0
INFO:root:Batch 60, Total time: 0.4337046146392822s, 
DEBUG:root:The dimension of the result after nms is torch.Size([0, 6]) for idx 0
INFO:root:Batch 61, Total time: 0.4720158576965332s, 
DEBUG:root:The dimension of the result after nms is torch.Size([0, 6]) for idx 0
INFO:root:Batch 62, Total time: 0.44051671028137207s, 
DEBUG:root:The dimension of the result after nms is torch.Size([0, 6]) for idx 0
INFO:root:Batch 63, Total time: 0.4441416263580322s, 
DEBUG:root:The dimension of the result after nms is torch.Size([0, 6]) for idx 0
INFO:root:Batch 64, Total time: 0.4484872817993164s, 
DEBUG:root:The dimension of the result after nms is torch.Size([0, 6]) for idx 0
INFO:root:Batch 65, Total time: 0.45135498046875s, 
DEBUG:root:The dimension of the result after nms is torch.Size([0, 6]) for idx 0
INFO:root:Batch 66, Total time: 0.44147753715515137s, 
DEBUG:root:The dimension of the result after nms is torch.Size([0, 6]) for idx 0
INFO:root:Batch 67, Total time: 0.44199085235595703s, 
DEBUG:root:The dimension of the result after nms is torch.Size([0, 6]) for idx 0
INFO:root:Batch 68, Total time: 0.437593936920166s, 
DEBUG:root:The dimension of the result after nms is torch.Size([0, 6]) for idx 0
INFO:root:Batch 69, Total time: 0.4324166774749756s, 
DEBUG:root:The dimension of the result after nms is torch.Size([0, 6]) for idx 0
INFO:root:Batch 70, Total time: 0.43505430221557617s, 
DEBUG:root:The dimension of the result after nms is torch.Size([0, 6]) for idx 0
INFO:root:Batch 71, Total time: 0.456636905670166s, 
DEBUG:root:The dimension of the result after nms is torch.Size([0, 6]) for idx 0
INFO:root:Batch 72, Total time: 0.44571948051452637s, 
DEBUG:root:The dimension of the result after nms is torch.Size([0, 6]) for idx 0
INFO:root:Batch 73, Total time: 0.46480894088745117s, 
DEBUG:root:The dimension of the result after nms is torch.Size([0, 6]) for idx 0
INFO:root:Batch 74, Total time: 0.4742252826690674s, 
DEBUG:root:The dimension of the result after nms is torch.Size([0, 6]) for idx 0
INFO:root:Batch 75, Total time: 0.44701623916625977s, 
DEBUG:root:The dimension of the result after nms is torch.Size([0, 6]) for idx 0
INFO:root:Batch 76, Total time: 0.4654731750488281s, 
DEBUG:root:The dimension of the result after nms is torch.Size([0, 6]) for idx 0
INFO:root:Batch 77, Total time: 0.4445223808288574s, 
DEBUG:root:The dimension of the result after nms is torch.Size([0, 6]) for idx 0
INFO:root:Batch 78, Total time: 0.44663405418395996s, 
DEBUG:root:The dimension of the result after nms is torch.Size([0, 6]) for idx 0
INFO:root:Batch 79, Total time: 0.4496300220489502s, 
DEBUG:root:The dimension of the result after nms is torch.Size([0, 6]) for idx 0
INFO:root:Batch 80, Total time: 0.4605538845062256s, 
DEBUG:root:The dimension of the result after nms is torch.Size([0, 6]) for idx 0
INFO:root:Batch 81, Total time: 0.46796131134033203s, 
DEBUG:root:The dimension of the result after nms is torch.Size([0, 6]) for idx 0
INFO:root:Batch 82, Total time: 0.47179222106933594s, 
DEBUG:root:The dimension of the result after nms is torch.Size([0, 6]) for idx 0
INFO:root:Batch 83, Total time: 0.47063422203063965s, 
DEBUG:root:The dimension of the result after nms is torch.Size([0, 6]) for idx 0
INFO:root:Batch 84, Total time: 0.46234726905822754s, 
DEBUG:root:The dimension of the result after nms is torch.Size([0, 6]) for idx 0
INFO:root:Batch 85, Total time: 0.4629039764404297s, 
DEBUG:root:The dimension of the result after nms is torch.Size([0, 6]) for idx 0
INFO:root:Batch 86, Total time: 0.4697096347808838s, 
DEBUG:root:The dimension of the result after nms is torch.Size([0, 6]) for idx 0
INFO:root:Batch 87, Total time: 0.4695892333984375s, 
DEBUG:root:The dimension of the result after nms is torch.Size([0, 6]) for idx 0
INFO:root:Batch 88, Total time: 0.4480440616607666s, 
DEBUG:root:The dimension of the result after nms is torch.Size([0, 6]) for idx 0
INFO:root:Batch 89, Total time: 0.45119738578796387s, 
DEBUG:root:The dimension of the result after nms is torch.Size([0, 6]) for idx 0
INFO:root:Batch 90, Total time: 0.476848840713501s, 
DEBUG:root:The dimension of the result after nms is torch.Size([0, 6]) for idx 0
INFO:root:Batch 91, Total time: 0.4428746700286865s, 
DEBUG:root:The dimension of the result after nms is torch.Size([0, 6]) for idx 0
INFO:root:Batch 92, Total time: 0.4561457633972168s, 
DEBUG:root:The dimension of the result after nms is torch.Size([0, 6]) for idx 0
INFO:root:Batch 93, Total time: 0.4367806911468506s, 
DEBUG:root:The dimension of the result after nms is torch.Size([0, 6]) for idx 0
INFO:root:Batch 94, Total time: 0.4411654472351074s, 
DEBUG:root:The dimension of the result after nms is torch.Size([0, 6]) for idx 0
INFO:root:Batch 95, Total time: 0.4526379108428955s, 
DEBUG:root:The dimension of the result after nms is torch.Size([0, 6]) for idx 0
INFO:root:Batch 96, Total time: 0.4530634880065918s, 
DEBUG:root:The dimension of the result after nms is torch.Size([0, 6]) for idx 0
INFO:root:Batch 97, Total time: 0.45382070541381836s, 
DEBUG:root:The dimension of the result after nms is torch.Size([0, 6]) for idx 0
INFO:root:Batch 98, Total time: 0.47458410263061523s, 
DEBUG:root:The dimension of the result after nms is torch.Size([0, 6]) for idx 0
INFO:root:Batch 99, Total time: 0.4509727954864502s, 
INFO:root:Average inference time (total) is 0.4535348117351532s.
INFO:root:Std dev of inference time (total) is 0.014733088202774525s.
