WARNING:root:CUDA device is not available. Will use CPU
WARNING:root:The output folder /home/loki/Desktop/infer exists. New output may overwrite the old output.
INFO:root:Performing object detection:
DEBUG:root:The dimension of the result after nms is torch.Size([0, 6]) for idx 0
INFO:root:Batch 0, Total time: 0.5147237777709961s, 
DEBUG:root:The dimension of the result after nms is torch.Size([0, 6]) for idx 0
INFO:root:Batch 1, Total time: 0.5256624221801758s, 
DEBUG:root:The dimension of the result after nms is torch.Size([0, 6]) for idx 0
INFO:root:Batch 2, Total time: 0.4950425624847412s, 
DEBUG:root:The dimension of the result after nms is torch.Size([0, 6]) for idx 0
INFO:root:Batch 3, Total time: 0.4706103801727295s, 
DEBUG:root:The dimension of the result after nms is torch.Size([0, 6]) for idx 0
INFO:root:Batch 4, Total time: 0.47972965240478516s, 
DEBUG:root:The dimension of the result after nms is torch.Size([0, 6]) for idx 0
INFO:root:Batch 5, Total time: 0.4724574089050293s, 
DEBUG:root:The dimension of the result after nms is torch.Size([0, 6]) for idx 0
INFO:root:Batch 6, Total time: 0.4764251708984375s, 
DEBUG:root:The dimension of the result after nms is torch.Size([0, 6]) for idx 0
INFO:root:Batch 7, Total time: 0.5240919589996338s, 
DEBUG:root:The dimension of the result after nms is torch.Size([0, 6]) for idx 0
INFO:root:Batch 8, Total time: 0.4746367931365967s, 
DEBUG:root:The dimension of the result after nms is torch.Size([0, 6]) for idx 0
INFO:root:Batch 9, Total time: 0.46233367919921875s, 
INFO:root:Average inference time (total) is 0.48957139253616333s.
INFO:root:Std dev of inference time (total) is 0.023673320189118385s.
INFO:root:Saving images:
INFO:root:(0) Image: '/home/loki/Data/BerkleyBAIR/bdd100k/images/100k/val/b1c66a42-6f7d68ca.jpg'
