WARNING:root:CUDA device is not available. Will use CPU
WARNING:root:The output folder /home/loki/Desktop/infer exists. New output may overwrite the old output.
INFO:root:Performing object detection:
DEBUG:root:The dimension of the result after nms is torch.Size([0, 6]) for idx 0
INFO:root:Batch 0, Total time: 0.5219511985778809s, 
DEBUG:root:The dimension of the result after nms is torch.Size([0, 6]) for idx 0
INFO:root:Batch 1, Total time: 0.47384166717529297s, 
DEBUG:root:The dimension of the result after nms is torch.Size([0, 6]) for idx 0
INFO:root:Batch 2, Total time: 0.45931482315063477s, 
DEBUG:root:The dimension of the result after nms is torch.Size([0, 6]) for idx 0
INFO:root:Batch 3, Total time: 0.4484264850616455s, 
DEBUG:root:The dimension of the result after nms is torch.Size([0, 6]) for idx 0
INFO:root:Batch 4, Total time: 0.45830297470092773s, 
DEBUG:root:The dimension of the result after nms is torch.Size([0, 6]) for idx 0
INFO:root:Batch 5, Total time: 0.46895718574523926s, 
DEBUG:root:The dimension of the result after nms is torch.Size([0, 6]) for idx 0
INFO:root:Batch 6, Total time: 0.46562886238098145s, 
DEBUG:root:The dimension of the result after nms is torch.Size([0, 6]) for idx 0
INFO:root:Batch 7, Total time: 0.4560554027557373s, 
DEBUG:root:The dimension of the result after nms is torch.Size([0, 6]) for idx 0
INFO:root:Batch 8, Total time: 0.46169114112854004s, 
DEBUG:root:The dimension of the result after nms is torch.Size([0, 6]) for idx 0
INFO:root:Batch 9, Total time: 0.44414353370666504s, 
INFO:root:Average inference time (total) is 0.46583127975463867s.
INFO:root:Std dev of inference time (total) is 0.02162446454167366s.
INFO:root:Saving images:
INFO:root:(0) Image: '/home/loki/Data/BerkleyBAIR/bdd100k/images/100k/val/b1c66a42-6f7d68ca.jpg'
INFO:root:(1) Image: '/home/loki/Data/BerkleyBAIR/bdd100k/images/100k/val/b1c81faa-3df17267.jpg'
INFO:root:(2) Image: '/home/loki/Data/BerkleyBAIR/bdd100k/images/100k/val/b1c81faa-c80764c5.jpg'
INFO:root:(3) Image: '/home/loki/Data/BerkleyBAIR/bdd100k/images/100k/val/b1c9c847-3bda4659.jpg'
INFO:root:(4) Image: '/home/loki/Data/BerkleyBAIR/bdd100k/images/100k/val/b1ca2e5d-84cf9134.jpg'
INFO:root:(5) Image: '/home/loki/Data/BerkleyBAIR/bdd100k/images/100k/val/b1ca8418-84a133a0.jpg'
INFO:root:(6) Image: '/home/loki/Data/BerkleyBAIR/bdd100k/images/100k/val/b1cac6a7-04e33135.jpg'
INFO:root:(7) Image: '/home/loki/Data/BerkleyBAIR/bdd100k/images/100k/val/b1cd1e94-26dd524f.jpg'
INFO:root:(8) Image: '/home/loki/Data/BerkleyBAIR/bdd100k/images/100k/val/b1cd1e94-549d0bfe.jpg'
INFO:root:(9) Image: '/home/loki/Data/BerkleyBAIR/bdd100k/images/100k/val/b1ceb32e-3f481b43.jpg'
