WARNING:root:The output folder /home/loki/Desktop/infer exists. New output may overwrite the old output.
INFO:root:Performing object detection:
DEBUG:root:The dimension of the result after nms is torch.Size([19, 6]) for idx 0
INFO:root:Batch 0, Total time: 0.16996979713439941s, 
DEBUG:root:The dimension of the result after nms is torch.Size([5, 6]) for idx 0
INFO:root:Batch 1, Total time: 0.12862277030944824s, 
DEBUG:root:The dimension of the result after nms is torch.Size([6, 6]) for idx 0
INFO:root:Batch 2, Total time: 0.12928986549377441s, 
DEBUG:root:The dimension of the result after nms is torch.Size([10, 6]) for idx 0
INFO:root:Batch 3, Total time: 0.13113117218017578s, 
DEBUG:root:The dimension of the result after nms is torch.Size([15, 6]) for idx 0
INFO:root:Batch 4, Total time: 0.13259124755859375s, 
DEBUG:root:The dimension of the result after nms is torch.Size([4, 6]) for idx 0
INFO:root:Batch 5, Total time: 0.12839722633361816s, 
DEBUG:root:The dimension of the result after nms is torch.Size([9, 6]) for idx 0
INFO:root:Batch 6, Total time: 0.13054132461547852s, 
DEBUG:root:The dimension of the result after nms is torch.Size([14, 6]) for idx 0
INFO:root:Batch 7, Total time: 0.13239097595214844s, 
DEBUG:root:The dimension of the result after nms is torch.Size([9, 6]) for idx 0
INFO:root:Batch 8, Total time: 0.1301896572113037s, 
DEBUG:root:The dimension of the result after nms is torch.Size([5, 6]) for idx 0
INFO:root:Batch 9, Total time: 0.12894964218139648s, 
INFO:root:Average inference time (total) is 0.1342073678970337s.
INFO:root:Std dev of inference time (total) is 0.012652089819312096s.
INFO:root:Saving images:
INFO:root:(0) Image: '/home/loki/Data/BerkleyBAIR/bdd100k/images/100k/val/b1c66a42-6f7d68ca.jpg'
