WARNING:root:CUDA device is not available. Will use CPU
WARNING:root:The output folder /home/loki/Desktop/infer exists. New output may overwrite the old output.
INFO:root:Performing object detection:
DEBUG:root:The dimension of the result after nms is torch.Size([0, 6]) for idx 0
INFO:root:Batch 0, Total time: 0.505584716796875s, 
DEBUG:root:The dimension of the result after nms is torch.Size([0, 6]) for idx 0
INFO:root:Batch 1, Total time: 0.4637565612792969s, 
DEBUG:root:The dimension of the result after nms is torch.Size([0, 6]) for idx 0
INFO:root:Batch 2, Total time: 0.4639930725097656s, 
DEBUG:root:The dimension of the result after nms is torch.Size([0, 6]) for idx 0
INFO:root:Batch 3, Total time: 0.44605541229248047s, 
DEBUG:root:The dimension of the result after nms is torch.Size([0, 6]) for idx 0
INFO:root:Batch 4, Total time: 0.469372034072876s, 
DEBUG:root:The dimension of the result after nms is torch.Size([0, 6]) for idx 0
INFO:root:Batch 5, Total time: 0.4462869167327881s, 
DEBUG:root:The dimension of the result after nms is torch.Size([0, 6]) for idx 0
INFO:root:Batch 6, Total time: 0.45421671867370605s, 
DEBUG:root:The dimension of the result after nms is torch.Size([0, 6]) for idx 0
INFO:root:Batch 7, Total time: 0.4529876708984375s, 
DEBUG:root:The dimension of the result after nms is torch.Size([0, 6]) for idx 0
INFO:root:Batch 8, Total time: 0.4703817367553711s, 
DEBUG:root:The dimension of the result after nms is torch.Size([0, 6]) for idx 0
INFO:root:Batch 9, Total time: 0.4556612968444824s, 
INFO:root:Average inference time (total) is 0.4628296494483948s.
INFO:root:Std dev of inference time (total) is 0.01734459400177002s.
INFO:root:Saving images:
INFO:root:(0) Image: '/home/loki/Data/BerkleyBAIR/bdd100k/images/100k/val/b1c66a42-6f7d68ca.jpg'
INFO:root:(1) Image: '/home/loki/Data/BerkleyBAIR/bdd100k/images/100k/val/b1c81faa-3df17267.jpg'
INFO:root:(2) Image: '/home/loki/Data/BerkleyBAIR/bdd100k/images/100k/val/b1c81faa-c80764c5.jpg'
INFO:root:(3) Image: '/home/loki/Data/BerkleyBAIR/bdd100k/images/100k/val/b1c9c847-3bda4659.jpg'
INFO:root:(4) Image: '/home/loki/Data/BerkleyBAIR/bdd100k/images/100k/val/b1ca2e5d-84cf9134.jpg'
INFO:root:(5) Image: '/home/loki/Data/BerkleyBAIR/bdd100k/images/100k/val/b1ca8418-84a133a0.jpg'
INFO:root:(6) Image: '/home/loki/Data/BerkleyBAIR/bdd100k/images/100k/val/b1cac6a7-04e33135.jpg'
INFO:root:(7) Image: '/home/loki/Data/BerkleyBAIR/bdd100k/images/100k/val/b1cd1e94-26dd524f.jpg'
INFO:root:(8) Image: '/home/loki/Data/BerkleyBAIR/bdd100k/images/100k/val/b1cd1e94-549d0bfe.jpg'
INFO:root:(9) Image: '/home/loki/Data/BerkleyBAIR/bdd100k/images/100k/val/b1ceb32e-3f481b43.jpg'
