INFO:root:loading checkpoint from file './epoch78.pt'
DEBUG:matplotlib:CACHEDIR=/home/loki/.cache/matplotlib
DEBUG:matplotlib.font_manager:Using fontManager instance from /home/loki/.cache/matplotlib/fontlist-v310.json
DEBUG:matplotlib.pyplot:Loaded backend module://backend_interagg version unknown.
INFO:root:[Epoch 0/30, Batch 0/69863] [Losses: total 172.91737365722656, coord 32.01192855834961, obj 6.209295749664307, noobj 23.511030197143555, class 1.9462194442749023]
INFO:root:[Epoch 0/30, Batch 1/69863] [Losses: total 213.85321044921875, coord 40.873207092285156, obj 3.654517889022827, noobj 27.924137115478516, class 0.24783483147621155]
INFO:root:[Epoch 0/30, Batch 2/69863] [Losses: total 1010.97705078125, coord 194.76498413085938, obj 24.05893898010254, noobj 42.45760726928711, class 4.601669788360596]
INFO:root:[Epoch 0/30, Batch 3/69863] [Losses: total 171.59422302246094, coord 32.11688232421875, obj 5.406660079956055, noobj 17.91443634033203, class 2.0202574729919434]
INFO:root:[Epoch 0/30, Batch 4/69863] [Losses: total 369.1404113769531, coord 68.14697265625, obj 12.622493743896484, noobj 23.504501342773438, class 11.082151412963867]
INFO:root:[Epoch 0/30, Batch 5/69863] [Losses: total 56.967891693115234, coord 10.228412628173828, obj 1.6848764419555664, noobj 18.792030334472656, class 0.3825461268424988]
INFO:root:[Epoch 0/30, Batch 6/69863] [Losses: total 385.58868408203125, coord 70.11134338378906, obj 17.180343627929688, noobj 50.40557098388672, class 7.770524024963379]
INFO:root:[Epoch 0/30, Batch 7/69863] [Losses: total 407.3695068359375, coord 79.38560485839844, obj 5.393923759460449, noobj 15.458822250366211, class 1.9557753801345825]
INFO:root:[Epoch 0/30, Batch 8/69863] [Losses: total 285.275634765625, coord 52.894859313964844, obj 8.967020034790039, noobj 32.253787994384766, class 5.383566379547119]
INFO:root:[Epoch 0/30, Batch 9/69863] [Losses: total 484.96624755859375, coord 90.87956237792969, obj 18.56229019165039, noobj 28.438074111938477, class 6.318505764007568]
INFO:root:[Epoch 0/30, Batch 10/69863] [Losses: total 140.81277465820312, coord 25.51605224609375, obj 4.761329174041748, noobj 31.33403778076172, class 2.2043774127960205]
INFO:root:[Epoch 0/30, Batch 11/69863] [Losses: total 360.2984924316406, coord 67.10759735107422, obj 11.848066329956055, noobj 55.49684524536133, class 1.8130632638931274]
INFO:root:[Epoch 0/30, Batch 12/69863] [Losses: total 187.25613403320312, coord 34.348670959472656, obj 10.595499038696289, noobj 22.575218200683594, class 0.4022437632083893]
INFO:root:[Epoch 0/30, Batch 13/69863] [Losses: total 376.57379150390625, coord 64.09121704101562, obj 13.994155883789062, noobj 24.959075927734375, class 37.13174057006836]
INFO:root:[Epoch 0/30, Batch 14/69863] [Losses: total 46.470603942871094, coord 7.422056198120117, obj 0.9260194301605225, noobj 21.776233673095703, class 4.079054355621338]
INFO:root:[Epoch 0/30, Batch 15/69863] [Losses: total 70.597900390625, coord 12.520807266235352, obj 1.2903754711151123, noobj 33.25938415527344, class 0.051616523414850235]
INFO:root:[Epoch 0/30, Batch 16/69863] [Losses: total 293.82208251953125, coord 55.018131256103516, obj 4.39779806137085, noobj 45.05976486206055, class 5.321660041809082]
INFO:root:[Epoch 0/30, Batch 17/69863] [Losses: total 736.7518310546875, coord 137.19651794433594, obj 27.938520431518555, noobj 23.843109130859375, class 18.062114715576172]
INFO:root:[Epoch 0/30, Batch 18/69863] [Losses: total 345.71502685546875, coord 66.1686782836914, obj 5.726463794708252, noobj 32.52044677734375, class 2.6410837173461914]
INFO:root:[Epoch 0/30, Batch 19/69863] [Losses: total 439.98760986328125, coord 79.5670166015625, obj 10.870955467224121, noobj 35.37193298339844, class 24.20716667175293]
INFO:root:[Epoch 0/30, Batch 20/69863] [Losses: total 172.25421142578125, coord 30.187870025634766, obj 4.581673622131348, noobj 22.303871154785156, class 12.272418975830078]
INFO:root:[Epoch 0/30, Batch 21/69863] [Losses: total 152.1517333984375, coord 26.29523468017578, obj 11.655645370483398, noobj 22.38241195678711, class 4.54343318939209]
INFO:root:[Epoch 0/30, Batch 22/69863] [Losses: total 586.0918579101562, coord 109.22713470458984, obj 23.249067306518555, noobj 31.31177520751953, class 10.444755554199219]
INFO:root:[Epoch 0/30, Batch 23/69863] [Losses: total 113.32624816894531, coord 18.839385986328125, obj 7.855228424072266, noobj 42.4575080871582, class 2.782590389251709]
INFO:root:[Epoch 0/30, Batch 24/69863] [Losses: total 106.37103271484375, coord 17.922061920166016, obj 5.399000644683838, noobj 51.00868606567383, class 1.159990906715393]
INFO:root:[Epoch 0/30, Batch 25/69863] [Losses: total 581.1912841796875, coord 102.4472427368164, obj 27.85565948486328, noobj 48.565677642822266, class 31.386295318603516]
INFO:root:[Epoch 0/30, Batch 26/69863] [Losses: total 847.890869140625, coord 151.2415008544922, obj 27.901098251342773, noobj 41.645355224609375, class 55.45317840576172]
INFO:root:[Epoch 0/30, Batch 27/69863] [Losses: total 591.8579711914062, coord 104.15121459960938, obj 22.700950622558594, noobj 48.371055603027344, class 38.72671127319336]
INFO:root:[Epoch 0/30, Batch 28/69863] [Losses: total 265.2610778808594, coord 47.18229293823242, obj 6.461335182189941, noobj 36.7050895690918, class 15.547260284423828]
INFO:root:[Epoch 0/30, Batch 29/69863] [Losses: total 196.3195037841797, coord 33.2691764831543, obj 10.513723373413086, noobj 56.816802978515625, class 8.096529006958008]
INFO:root:[Epoch 0/30, Batch 30/69863] [Losses: total 347.7569580078125, coord 66.2872314453125, obj 1.2919093370437622, noobj 40.7313232421875, class 6.882613182067871]
INFO:root:[Epoch 0/30, Batch 31/69863] [Losses: total 254.79331970214844, coord 45.90208435058594, obj 12.71339225769043, noobj 43.71303939819336, class 3.826902151107788]
INFO:root:[Epoch 0/30, Batch 32/69863] [Losses: total 576.2093505859375, coord 104.06607055664062, obj 29.859914779663086, noobj 24.950223922729492, class 21.029098510742188]
INFO:root:[Epoch 0/30, Batch 33/69863] [Losses: total 185.11151123046875, coord 34.015071868896484, obj 6.814885139465332, noobj 35.840782165527344, class 1.0531059503555298]
INFO:root:[Epoch 0/30, Batch 34/69863] [Losses: total 238.859130859375, coord 40.928382873535156, obj 9.870245933532715, noobj 28.966360092163086, class 18.553709030151367]
INFO:root:[Epoch 0/30, Batch 35/69863] [Losses: total 152.33731079101562, coord 28.12966537475586, obj 5.029804229736328, noobj 30.70639419555664, class 0.5179028511047363]
INFO:root:[Epoch 0/30, Batch 36/69863] [Losses: total 267.6221923828125, coord 49.087486267089844, obj 7.9291815757751465, noobj 49.471923828125, class 4.361179351806641]
INFO:root:[Epoch 0/30, Batch 37/69863] [Losses: total 491.3112487792969, coord 84.58137512207031, obj 40.023468017578125, noobj 32.806697845458984, class 21.819578170776367]
INFO:root:[Epoch 0/30, Batch 38/69863] [Losses: total 786.3991088867188, coord 141.28060913085938, obj 46.699405670166016, noobj 66.82958221435547, class 19.93073081970215]
INFO:root:[Epoch 0/30, Batch 39/69863] [Losses: total 25.374391555786133, coord 3.6963284015655518, obj 0.9937668442726135, noobj 23.13425064086914, class 1.2721327543258667]
INFO:root:[Epoch 0/30, Batch 40/69863] [Losses: total 337.7733154296875, coord 60.778282165527344, obj 14.868866920471191, noobj 41.112037658691406, class 10.790637969970703]
INFO:root:[Epoch 0/30, Batch 41/69863] [Losses: total 645.6471557617188, coord 118.67974090576172, obj 25.044086456298828, noobj 41.75465393066406, class 18.85342788696289]
INFO:root:[Epoch 0/30, Batch 42/69863] [Losses: total 470.4489440917969, coord 86.85127258300781, obj 9.52492904663086, noobj 39.49805450439453, class 18.768047332763672]
INFO:root:[Epoch 0/30, Batch 43/69863] [Losses: total 496.54620361328125, coord 93.21514129638672, obj 14.09782886505127, noobj 57.63605499267578, class 4.845439910888672]
INFO:root:[Epoch 0/30, Batch 44/69863] [Losses: total 299.62689208984375, coord 55.861881256103516, obj 8.618030548095703, noobj 43.88119125366211, class 2.923222064971924]
INFO:root:[Epoch 0/30, Batch 45/69863] [Losses: total 415.3376770019531, coord 74.80823516845703, obj 14.576166152954102, noobj 35.32083511352539, class 19.656185150146484]
INFO:root:[Epoch 0/30, Batch 46/69863] [Losses: total 374.6479797363281, coord 69.8629379272461, obj 15.989702224731445, noobj 37.79234313964844, class 1.7851011753082275]
INFO:root:[Epoch 0/30, Batch 47/69863] [Losses: total 314.5736389160156, coord 58.1656494140625, obj 9.89862060546875, noobj 25.026830673217773, class 8.84139633178711]
INFO:root:[Epoch 0/30, Batch 48/69863] [Losses: total 231.84703063964844, coord 37.415321350097656, obj 16.51308822631836, noobj 22.74188232421875, class 23.708969116210938]
INFO:root:[Epoch 0/30, Batch 49/69863] [Losses: total 300.4161682128906, coord 51.85971450805664, obj 23.28300666809082, noobj 54.96197509765625, class 6.842182159423828]
INFO:root:[Epoch 0/30, Batch 50/69863] [Losses: total 56.70106506347656, coord 8.184536933898926, obj 10.641986846923828, noobj 19.108787536621094, class 1.3146369457244873]
INFO:root:[Epoch 0/30, Batch 51/69863] [Losses: total 515.3912353515625, coord 96.89476776123047, obj 20.01291847229004, noobj 34.14075469970703, class 4.076347351074219]
INFO:root:[Epoch 0/30, Batch 52/69863] [Losses: total 412.63671875, coord 75.29492950439453, obj 14.304241180419922, noobj 50.382080078125, class 11.781432151794434]
INFO:root:[Epoch 0/30, Batch 53/69863] [Losses: total 282.1143493652344, coord 50.623329162597656, obj 16.049816131591797, noobj 55.869590759277344, class 1.7739791870117188]
INFO:root:[Epoch 0/30, Batch 54/69863] [Losses: total 152.87344360351562, coord 26.471420288085938, obj 8.925834655761719, noobj 31.736536026000977, class 5.243208408355713]
INFO:root:[Epoch 0/30, Batch 55/69863] [Losses: total 41.064151763916016, coord 5.809327602386475, obj 1.8996968269348145, noobj 43.937538146972656, class 1.3303077220916748]
INFO:root:[Epoch 0/30, Batch 56/69863] [Losses: total 309.9668884277344, coord 54.85860824584961, obj 11.012613296508789, noobj 37.69062805175781, class 17.123130798339844]
INFO:root:[Epoch 0/30, Batch 57/69863] [Losses: total 368.0419616699219, coord 67.26642608642578, obj 11.58397102355957, noobj 51.988704681396484, class 9.728134155273438]
INFO:root:[Epoch 0/30, Batch 58/69863] [Losses: total 169.30113220214844, coord 31.58321762084961, obj 5.19720458984375, noobj 27.967647552490234, class 0.5943078994750977]
INFO:root:[Epoch 0/30, Batch 59/69863] [Losses: total 180.4319305419922, coord 28.963459014892578, obj 17.88260269165039, noobj 68.78785705566406, class 3.974459171295166]
INFO:root:[Epoch 0/30, Batch 60/69863] [Losses: total 294.7503662109375, coord 51.45627975463867, obj 15.904107093811035, noobj 45.96790313720703, class 12.371262550354004]
INFO:root:[Epoch 0/30, Batch 61/69863] [Losses: total 388.539306640625, coord 74.04823303222656, obj 6.650376319885254, noobj 47.646575927734375, class 2.1184606552124023]
INFO:root:[Epoch 0/30, Batch 62/69863] [Losses: total 325.903564453125, coord 58.459617614746094, obj 21.213489532470703, noobj 30.7109432220459, class 6.249793529510498]
INFO:root:[Epoch 0/30, Batch 63/69863] [Losses: total 66.81201934814453, coord 9.428205490112305, obj 7.422218322753906, noobj 40.22734069824219, class 4.203303337097168]
INFO:root:[Epoch 0/30, Batch 64/69863] [Losses: total 337.72320556640625, coord 57.88632583618164, obj 11.62765884399414, noobj 34.74745559692383, class 29.714420318603516]
INFO:root:[Epoch 0/30, Batch 65/69863] [Losses: total 358.83966064453125, coord 66.71613311767578, obj 10.26515007019043, noobj 65.62448120117188, class 1.8689504861831665]
INFO:root:[Epoch 0/30, Batch 66/69863] [Losses: total 516.0816040039062, coord 93.16828155517578, obj 15.715002059936523, noobj 63.97604751586914, class 21.730010986328125]
INFO:root:[Epoch 0/30, Batch 67/69863] [Losses: total 164.30938720703125, coord 24.565366744995117, obj 24.066362380981445, noobj 31.221702575683594, class 11.171852111816406]
INFO:root:[Epoch 0/30, Batch 68/69863] [Losses: total 448.1740417480469, coord 82.62858581542969, obj 16.883316040039062, noobj 59.935638427734375, class 6.160652160644531]
INFO:root:[Epoch 0/30, Batch 69/69863] [Losses: total 22.86651611328125, coord 2.4464187622070312, obj 0.9141613841056824, noobj 14.670440673828125, class 6.7861714363098145]
INFO:root:[Epoch 0/30, Batch 70/69863] [Losses: total 452.56512451171875, coord 83.37633514404297, obj 16.722190856933594, noobj 42.72471237182617, class 10.416305541992188]
INFO:root:[Epoch 0/30, Batch 71/69863] [Losses: total 75.40438842773438, coord 11.176721572875977, obj 5.3108978271484375, noobj 34.302181243896484, class 7.349443435668945]
INFO:root:[Epoch 0/30, Batch 72/69863] [Losses: total 283.0599060058594, coord 54.11585998535156, obj 2.3874268531799316, noobj 48.887123107910156, class 0.31576013565063477]
