INFO:root:loading checkpoint from file './epoch78.pt'
DEBUG:matplotlib:CACHEDIR=/home/loki/.cache/matplotlib
DEBUG:matplotlib.font_manager:Using fontManager instance from /home/loki/.cache/matplotlib/fontlist-v310.json
DEBUG:matplotlib.pyplot:Loaded backend module://backend_interagg version unknown.
INFO:root:[Epoch 0/30, Batch 0/69863] [Losses: total 143.9015350341797, coord 25.464757919311523, obj 9.349390029907227, noobj 34.171302795410156, class 0.39409440755844116]
INFO:root:[Epoch 0/30, Batch 1/69863] [Losses: total 402.1441650390625, coord 73.285400390625, obj 22.3249568939209, noobj 35.81243896484375, class 6.22971773147583]
INFO:root:[Epoch 0/30, Batch 2/69863] [Losses: total 157.32264709472656, coord 28.830595016479492, obj 5.167868137359619, noobj 37.29652404785156, class 0.5425080060958862]
INFO:root:[Epoch 0/30, Batch 3/69863] [Losses: total 144.90049743652344, coord 26.938751220703125, obj 4.494374752044678, noobj 27.26226806640625, class 0.25990867614746094]
INFO:root:[Epoch 0/30, Batch 4/69863] [Losses: total 219.45236206054688, coord 37.55796813964844, obj 19.360300064086914, noobj 22.216032028198242, class 7.8590087890625]
INFO:root:[Epoch 0/30, Batch 5/69863] [Losses: total 60.05915451049805, coord 9.80207347869873, obj 5.701681137084961, noobj 22.761837005615234, class 0.7947362661361694]
INFO:root:[Epoch 0/30, Batch 6/69863] [Losses: total 136.3809356689453, coord 23.795732498168945, obj 7.003341197967529, noobj 27.619585037231445, class 4.8750176429748535]
INFO:root:[Epoch 0/30, Batch 7/69863] [Losses: total 218.39955139160156, coord 37.60652160644531, obj 12.020299911499023, noobj 57.974124908447266, class 6.751816272735596]
INFO:root:[Epoch 0/30, Batch 8/69863] [Losses: total 206.83355712890625, coord 33.927452087402344, obj 16.34336280822754, noobj 11.686871528625488, class 18.51554298400879]
INFO:root:[Epoch 0/30, Batch 9/69863] [Losses: total 430.6221008300781, coord 76.21080780029297, obj 33.332603454589844, noobj 41.49385070800781, class 7.936676502227783]
INFO:root:[Epoch 0/30, Batch 10/69863] [Losses: total 381.05902099609375, coord 73.44496154785156, obj 6.019649982452393, noobj 24.204042434692383, class 2.973757266998291]
INFO:root:[Epoch 0/30, Batch 11/69863] [Losses: total 224.86289978027344, coord 37.945003509521484, obj 27.93707275390625, noobj 29.425220489501953, class 1.315758228302002]
INFO:root:[Epoch 0/30, Batch 12/69863] [Losses: total 126.02394104003906, coord 23.019493103027344, obj 4.339489936828613, noobj 31.549711227416992, class 0.277046799659729]
INFO:root:[Epoch 0/30, Batch 13/69863] [Losses: total 46.884056091308594, coord 8.05016803741455, obj 2.9464032649993896, noobj 17.330406188964844, class 0.22073028981685638]
INFO:root:[Epoch 0/30, Batch 14/69863] [Losses: total 261.24884033203125, coord 48.40409851074219, obj 10.727211952209473, noobj 41.64189910888672, class 0.17277026176452637]
INFO:root:[Epoch 0/30, Batch 15/69863] [Losses: total 34.964908599853516, coord 5.511119365692139, obj 2.9871599674224854, noobj 21.922632217407227, class 0.03762590512633324]
INFO:root:[Epoch 0/30, Batch 16/69863] [Losses: total 1107.49853515625, coord 188.4871368408203, obj 90.01126098632812, noobj 49.47937774658203, class 65.15574645996094]
INFO:root:[Epoch 0/30, Batch 17/69863] [Losses: total 705.566650390625, coord 134.04164123535156, obj 17.253734588623047, noobj 36.332645416259766, class 10.838175773620605]
INFO:root:[Epoch 0/30, Batch 18/69863] [Losses: total 441.93829345703125, coord 81.01673126220703, obj 17.80449867248535, noobj 39.36866760253906, class 11.176427841186523]
INFO:root:[Epoch 0/30, Batch 19/69863] [Losses: total 115.14079284667969, coord 19.017057418823242, obj 10.82413101196289, noobj 33.34364700317383, class 2.562640905380249]
INFO:root:[Epoch 0/30, Batch 20/69863] [Losses: total 59.20231246948242, coord 6.606553077697754, obj 8.024759292602539, noobj 24.22083282470703, class 13.30062198638916]
INFO:root:[Epoch 0/30, Batch 21/69863] [Losses: total 11.546588897705078, coord 1.7138609886169434, obj 1.3289175033569336, noobj 7.759310245513916, class 0.09650321304798126]
INFO:root:[Epoch 0/30, Batch 22/69863] [Losses: total 613.9922485351562, coord 117.60820007324219, obj 11.109296798706055, noobj 64.18619537353516, class 2.0046844482421875]
