INFO:root:loading checkpoint from file './epoch78.pt'
DEBUG:matplotlib:CACHEDIR=/home/loki/.cache/matplotlib
DEBUG:matplotlib.font_manager:Using fontManager instance from /home/loki/.cache/matplotlib/fontlist-v310.json
DEBUG:matplotlib.pyplot:Loaded backend module://backend_interagg version unknown.
INFO:root:[Epoch 0/30, Batch 0/69863] [Losses: total 84.94268035888672, coord 14.174736022949219, obj 7.505733013153076, noobj 27.928279876708984, class 0.9776098132133484]
INFO:root:[Epoch 0/30, Batch 1/69863] [Losses: total 322.9535827636719, coord 58.3225212097168, obj 18.96863555908203, noobj 50.31757354736328, class 2.3088183403015137]
INFO:root:[Epoch 0/30, Batch 2/69863] [Losses: total 139.2551727294922, coord 25.89015769958496, obj 4.091012001037598, noobj 27.396583557128906, class 0.23405316472053528]
INFO:root:[Epoch 0/30, Batch 3/69863] [Losses: total 126.9673843383789, coord 22.821426391601562, obj 5.4204182624816895, noobj 36.01790237426758, class 0.2362547218799591]
INFO:root:[Epoch 0/30, Batch 4/69863] [Losses: total 192.13653564453125, coord 27.898372650146484, obj 36.276390075683594, noobj 39.36698532104492, class 8.494873046875]
INFO:root:[Epoch 0/30, Batch 5/69863] [Losses: total 426.794921875, coord 78.4720687866211, obj 15.495803833007812, noobj 52.30717849731445, class 8.477317810058594]
INFO:root:[Epoch 0/30, Batch 6/69863] [Losses: total 142.7538299560547, coord 24.847152709960938, obj 8.957512855529785, noobj 30.292680740356445, class 3.5020217895507812]
INFO:root:[Epoch 0/30, Batch 7/69863] [Losses: total 80.20586395263672, coord 13.514459609985352, obj 3.1412887573242188, noobj 25.687950134277344, class 4.35468864440918]
INFO:root:[Epoch 0/30, Batch 8/69863] [Losses: total 405.57489013671875, coord 66.26408386230469, obj 36.57209396362305, noobj 79.44816589355469, class 21.792734146118164]
INFO:root:[Epoch 0/30, Batch 9/69863] [Losses: total 162.87193298339844, coord 27.329402923583984, obj 14.811811447143555, noobj 54.09162902832031, class 0.5947780609130859]
INFO:root:[Epoch 0/30, Batch 10/69863] [Losses: total 77.61740112304688, coord 12.514913558959961, obj 9.230375289916992, noobj 28.341184616088867, class 0.14421801269054413]
INFO:root:[Epoch 0/30, Batch 11/69863] [Losses: total 30.686412811279297, coord 4.193985462188721, obj 1.4083184003829956, noobj 39.34571838378906, class 0.4390241801738739]
INFO:root:[Epoch 0/30, Batch 12/69863] [Losses: total 110.27919006347656, coord 20.306114196777344, obj 4.078675270080566, noobj 21.108604431152344, class 0.4482206106185913]
INFO:root:[Epoch 0/30, Batch 13/69863] [Losses: total 51.68766784667969, coord 6.610219478607178, obj 1.2373135089874268, noobj 31.512527465820312, class 11.096752166748047]
INFO:root:[Epoch 0/30, Batch 14/69863] [Losses: total 163.91412353515625, coord 29.01537322998047, obj 9.151634216308594, noobj 25.374862670898438, class 4.610634803771973]
INFO:root:[Epoch 0/30, Batch 15/69863] [Losses: total 196.120361328125, coord 35.490928649902344, obj 6.0893683433532715, noobj 33.4791145324707, class 5.8805131912231445]
INFO:root:[Epoch 0/30, Batch 16/69863] [Losses: total 629.0731811523438, coord 116.00672149658203, obj 23.00455665588379, noobj 49.33637237548828, class 16.16769790649414]
INFO:root:[Epoch 0/30, Batch 17/69863] [Losses: total 352.9817810058594, coord 62.598228454589844, obj 21.16794776916504, noobj 42.975685119628906, class 10.227535247802734]
INFO:root:[Epoch 0/30, Batch 18/69863] [Losses: total 395.47412109375, coord 72.79276275634766, obj 14.72087287902832, noobj 36.87030029296875, class 9.415395736694336]
INFO:root:[Epoch 0/30, Batch 19/69863] [Losses: total 368.1522216796875, coord 66.79080200195312, obj 11.598315238952637, noobj 49.190120697021484, class 12.761865615844727]
INFO:root:[Epoch 0/30, Batch 20/69863] [Losses: total 197.70704650878906, coord 35.349281311035156, obj 7.958335876464844, noobj 21.076387405395508, class 8.787029266357422]
INFO:root:[Epoch 0/30, Batch 21/69863] [Losses: total 637.5625, coord 120.98725891113281, obj 21.603271484375, noobj 50.8682975769043, class 0.849277675151825]
INFO:root:[Epoch 0/30, Batch 22/69863] [Losses: total 127.05455017089844, coord 21.995656967163086, obj 10.010209083557129, noobj 26.792644500732422, class 1.7075278759002686]
INFO:root:[Epoch 0/30, Batch 23/69863] [Losses: total 693.9490356445312, coord 131.6492462158203, obj 12.929635047912598, noobj 37.7752799987793, class 15.218106269836426]
INFO:root:[Epoch 0/30, Batch 24/69863] [Losses: total 52.42414474487305, coord 6.722002983093262, obj 8.52868938446045, noobj 27.829364776611328, class 4.719566822052002]
INFO:root:[Epoch 0/30, Batch 25/69863] [Losses: total 133.93563842773438, coord 23.59152603149414, obj 4.756818771362305, noobj 27.04029083251953, class 5.813141345977783]
INFO:root:[Epoch 0/30, Batch 26/69863] [Losses: total 83.75262451171875, coord 12.485769271850586, obj 11.149642944335938, noobj 49.91206359863281, class 0.19171935319900513]
INFO:root:[Epoch 0/30, Batch 27/69863] [Losses: total 368.49920654296875, coord 64.19627380371094, obj 25.54535675048828, noobj 33.00678253173828, class 15.37110710144043]
INFO:root:[Epoch 0/30, Batch 28/69863] [Losses: total 30.449554443359375, coord 4.326563358306885, obj 1.5263564586639404, noobj 33.86981201171875, class 0.5164197683334351]
INFO:root:[Epoch 0/30, Batch 29/69863] [Losses: total 252.4922637939453, coord 45.76914978027344, obj 12.856605529785156, noobj 36.99781036376953, class 3.390340805053711]
INFO:root:[Epoch 0/30, Batch 30/69863] [Losses: total 151.95152282714844, coord 26.428855895996094, obj 9.879474639892578, noobj 29.41982650756836, class 4.043801784515381]
INFO:root:[Epoch 0/30, Batch 31/69863] [Losses: total 90.79617309570312, coord 14.61117172241211, obj 13.60356330871582, noobj 13.286751747131348, class 1.4794014692306519]
INFO:root:[Epoch 0/30, Batch 32/69863] [Losses: total 238.90106201171875, coord 40.290924072265625, obj 18.681989669799805, noobj 51.311641693115234, class 8.502132415771484]
INFO:root:[Epoch 0/30, Batch 33/69863] [Losses: total 224.26998901367188, coord 37.33702087402344, obj 17.45207977294922, noobj 19.37895965576172, class 16.257007598876953]
INFO:root:[Epoch 0/30, Batch 34/69863] [Losses: total 218.2789306640625, coord 35.744239807128906, obj 10.102853775024414, noobj 59.35067367553711, class 17.58475112915039]
INFO:root:[Epoch 0/30, Batch 35/69863] [Losses: total 28.029632568359375, coord 3.5045998096466064, obj 5.56244421005249, noobj 22.918163299560547, class 0.3605552613735199]
INFO:root:[Epoch 0/30, Batch 36/69863] [Losses: total 183.66322326660156, coord 33.76652526855469, obj 4.767725944519043, noobj 49.349273681640625, class 0.1930115818977356]
INFO:root:[Epoch 0/30, Batch 37/69863] [Losses: total 202.5980682373047, coord 33.19599533081055, obj 13.807202339172363, noobj 63.36439514160156, class 10.138009071350098]
INFO:root:[Epoch 0/30, Batch 38/69863] [Losses: total 110.93781280517578, coord 19.920560836791992, obj 4.424922943115234, noobj 29.881298065185547, class 0.9338259696960449]
INFO:root:[Epoch 0/30, Batch 39/69863] [Losses: total 722.8650512695312, coord 125.78057861328125, obj 62.206451416015625, noobj 36.55591583251953, class 24.444517135620117]
INFO:root:[Epoch 0/30, Batch 40/69863] [Losses: total 269.5665588378906, coord 47.94172668457031, obj 16.275819778442383, noobj 41.723793029785156, class 5.237351417541504]
INFO:root:[Epoch 0/30, Batch 41/69863] [Losses: total 209.18209838867188, coord 37.96993637084961, obj 8.465005874633789, noobj 29.50387191772461, class 4.966628074645996]
INFO:root:[Epoch 0/30, Batch 42/69863] [Losses: total 178.5266571044922, coord 29.09733009338379, obj 11.68787956237793, noobj 37.08708190917969, class 13.934711456298828]
INFO:root:[Epoch 0/30, Batch 43/69863] [Losses: total 167.23155212402344, coord 29.58405303955078, obj 7.2004714012146, noobj 55.84304428100586, class 0.9422146677970886]
INFO:root:[Epoch 0/30, Batch 44/69863] [Losses: total 228.87286376953125, coord 39.00392150878906, obj 20.980209350585938, noobj 54.67303466796875, class 1.9384315013885498]
INFO:root:[Epoch 0/30, Batch 45/69863] [Losses: total 100.12815856933594, coord 17.135887145996094, obj 3.1670451164245605, noobj 19.43983268737793, class 7.393712043762207]
INFO:root:[Epoch 0/30, Batch 46/69863] [Losses: total 109.08857727050781, coord 16.991470336914062, obj 3.610384702682495, noobj 37.45674133300781, class 13.029491424560547]
INFO:root:[Epoch 0/30, Batch 47/69863] [Losses: total 20.944957733154297, coord 1.7852739095687866, obj 8.812768936157227, noobj 16.025218963623047, class 0.0007749662036076188]
INFO:root:[Epoch 0/30, Batch 48/69863] [Losses: total 153.54444885253906, coord 28.728540420532227, obj 2.715224504470825, noobj 26.858501434326172, class 1.8148205280303955]
INFO:root:[Epoch 0/30, Batch 49/69863] [Losses: total 234.24758911132812, coord 45.37126159667969, obj 2.4573659896850586, noobj 21.894685745239258, class 0.5549806356430054]
INFO:root:[Epoch 0/30, Batch 50/69863] [Losses: total 56.8638916015625, coord 8.691876411437988, obj 2.581139087677002, noobj 44.90458679199219, class 1.842453956604004]
INFO:root:[Epoch 0/30, Batch 51/69863] [Losses: total 427.5783386230469, coord 79.59800720214844, obj 12.265093803405762, noobj 42.9227294921875, class 8.73863410949707]
INFO:root:[Epoch 0/30, Batch 52/69863] [Losses: total 287.7887878417969, coord 53.678340911865234, obj 9.305095672607422, noobj 49.248191833496094, class 0.24235445261001587]
INFO:root:[Epoch 0/30, Batch 53/69863] [Losses: total 63.78306579589844, coord 12.004488945007324, obj 1.2780109643936157, noobj 11.534002304077148, class 0.1758091002702713]
INFO:root:[Epoch 0/30, Batch 54/69863] [Losses: total 244.87814331054688, coord 45.569366455078125, obj 8.608428955078125, noobj 40.173797607421875, class 0.38811880350112915]
