INFO:root:loading checkpoint from file './epoch78.pt'
DEBUG:matplotlib:CACHEDIR=/home/loki/.cache/matplotlib
DEBUG:matplotlib.font_manager:Using fontManager instance from /home/loki/.cache/matplotlib/fontlist-v310.json
DEBUG:matplotlib.pyplot:Loaded backend module://backend_interagg version unknown.
INFO:root:[Epoch 0/30, Batch 0/69863] [Losses: total 357.3178405761719, coord 65.52185821533203, obj 18.261137008666992, noobj 51.01531982421875, class 1.2443487644195557]
INFO:root:[Epoch 0/30, Batch 1/69863] [Losses: total 335.8935241699219, coord 61.534305572509766, obj 15.980457305908203, noobj 37.1220703125, class 4.817113399505615]
INFO:root:[Epoch 0/30, Batch 2/69863] [Losses: total 207.5961456298828, coord 35.10975646972656, obj 18.246749877929688, noobj 36.091796875, class 6.582253456115723]
INFO:root:[Epoch 0/30, Batch 3/69863] [Losses: total 183.3260955810547, coord 32.25294876098633, obj 8.193802833557129, noobj 44.04764175415039, class 5.0580220222473145]
INFO:root:[Epoch 0/30, Batch 4/69863] [Losses: total 248.79708862304688, coord 41.975181579589844, obj 21.59149932861328, noobj 29.897579193115234, class 11.350160598754883]
INFO:root:[Epoch 0/30, Batch 5/69863] [Losses: total 207.048828125, coord 34.665061950683594, obj 8.348604202270508, noobj 49.35898971557617, class 15.50309944152832]
INFO:root:[Epoch 0/30, Batch 6/69863] [Losses: total 16.815311431884766, coord 2.829874038696289, obj 0.6544917821884155, noobj 8.910886764526367, class 0.22927315533161163]
INFO:root:[Epoch 0/30, Batch 7/69863] [Losses: total 98.42167663574219, coord 16.70815086364746, obj 8.561758995056152, noobj 27.785335540771484, class 0.7620905637741089]
INFO:root:[Epoch 0/30, Batch 8/69863] [Losses: total 96.67735290527344, coord 16.790037155151367, obj 6.393552303314209, noobj 16.930213928222656, class 2.9475693702697754]
INFO:root:[Epoch 0/30, Batch 9/69863] [Losses: total 273.0864562988281, coord 50.20848083496094, obj 17.331096649169922, noobj 21.469398498535156, class 0.41907384991645813]
INFO:root:[Epoch 0/30, Batch 10/69863] [Losses: total 321.4815979003906, coord 56.21674728393555, obj 25.449726104736328, noobj 32.116302490234375, class 8.524868965148926]
INFO:root:[Epoch 0/30, Batch 11/69863] [Losses: total 566.6956176757812, coord 103.28440856933594, obj 27.42425537109375, noobj 65.39926147460938, class 9.769474029541016]
INFO:root:[Epoch 0/30, Batch 12/69863] [Losses: total 210.83338928222656, coord 37.40381622314453, obj 12.140878677368164, noobj 42.926361083984375, class 3.0881707668304443]
INFO:root:[Epoch 0/30, Batch 13/69863] [Losses: total 32.44584274291992, coord 3.989351987838745, obj 5.994068145751953, noobj 26.751283645629883, class 1.1547582149505615]
INFO:root:[Epoch 0/30, Batch 14/69863] [Losses: total 207.41537475585938, coord 35.66582489013672, obj 13.050901412963867, noobj 43.650997161865234, class 7.305144786834717]
INFO:root:[Epoch 0/30, Batch 15/69863] [Losses: total 197.49789428710938, coord 36.63298797607422, obj 5.976284980773926, noobj 38.70732879638672, class 0.6151994466781616]
INFO:root:[Epoch 0/30, Batch 16/69863] [Losses: total 61.643280029296875, coord 9.453128814697266, obj 8.942319869995117, noobj 21.64004898071289, class 1.1073050498962402]
INFO:root:[Epoch 0/30, Batch 17/69863] [Losses: total 80.73594665527344, coord 13.06736946105957, obj 6.993064880371094, noobj 14.96799087524414, class 5.412440299987793]
INFO:root:[Epoch 0/30, Batch 18/69863] [Losses: total 274.2647399902344, coord 51.92496109008789, obj 6.985410690307617, noobj 33.28462219238281, class 0.9975969195365906]
INFO:root:[Epoch 0/30, Batch 19/69863] [Losses: total 494.0586242675781, coord 88.33953857421875, obj 34.13529586791992, noobj 40.25908279418945, class 10.173809051513672]
INFO:root:[Epoch 0/30, Batch 20/69863] [Losses: total 236.19241333007812, coord 42.58133316040039, obj 18.116891860961914, noobj 22.1391544342041, class 0.7410339117050171]
INFO:root:[Epoch 0/30, Batch 21/69863] [Losses: total 120.99943542480469, coord 17.930835723876953, obj 19.444549560546875, noobj 48.92675018310547, class 2.1153576374053955]
INFO:root:[Epoch 0/30, Batch 22/69863] [Losses: total 719.3667602539062, coord 128.1011505126953, obj 40.24278259277344, noobj 53.01104736328125, class 28.01603126525879]
INFO:root:[Epoch 0/30, Batch 23/69863] [Losses: total 155.22760009765625, coord 27.75838279724121, obj 8.15357780456543, noobj 40.849422454833984, class 0.11222252249717712]
INFO:root:[Epoch 0/30, Batch 24/69863] [Losses: total 61.57132339477539, coord 10.412078857421875, obj 5.078180313110352, noobj 21.6348876953125, class 0.10577157884836197]
INFO:root:[Epoch 0/30, Batch 25/69863] [Losses: total 390.32696533203125, coord 75.72521209716797, obj 3.5245399475097656, noobj 39.00459289550781, class 0.3754454255104065]
INFO:root:[Epoch 0/30, Batch 26/69863] [Losses: total 67.30587768554688, coord 11.395633697509766, obj 8.004230499267578, noobj 9.713117599487305, class 0.38085830211639404]
INFO:root:[Epoch 0/30, Batch 27/69863] [Losses: total 233.32325744628906, coord 43.51200866699219, obj 8.778188705444336, noobj 32.75703430175781, class 0.4336221516132355]
INFO:root:[Epoch 0/30, Batch 28/69863] [Losses: total 158.3402862548828, coord 28.004796981811523, obj 10.71162223815918, noobj 36.53847885131836, class 0.2969759702682495]
INFO:root:[Epoch 0/30, Batch 29/69863] [Losses: total 93.10079956054688, coord 14.46948528289795, obj 8.968792915344238, noobj 41.022430419921875, class 3.5800938606262207]
INFO:root:[Epoch 0/30, Batch 30/69863] [Losses: total 237.47500610351562, coord 42.11250305175781, obj 8.897798538208008, noobj 36.43122482299805, class 10.7284517288208]
INFO:root:[Epoch 0/30, Batch 31/69863] [Losses: total 761.7681884765625, coord 141.75828552246094, obj 34.62369155883789, noobj 51.27785110473633, class 8.097454071044922]
INFO:root:[Epoch 0/30, Batch 32/69863] [Losses: total 367.0694580078125, coord 64.53612518310547, obj 30.09571075439453, noobj 60.60551452636719, class 2.171997547149658]
INFO:root:[Epoch 0/30, Batch 33/69863] [Losses: total 341.1517639160156, coord 60.56391525268555, obj 19.72113800048828, noobj 74.221923828125, class 3.766651153564453]
INFO:root:[Epoch 0/30, Batch 34/69863] [Losses: total 458.9522399902344, coord 78.4291763305664, obj 37.42850112915039, noobj 43.45855712890625, class 20.68614959716797]
INFO:root:[Epoch 0/30, Batch 35/69863] [Losses: total 648.7931518554688, coord 115.42713928222656, obj 38.825218200683594, noobj 75.99295043945312, class 17.633682250976562]
INFO:root:[Epoch 0/30, Batch 36/69863] [Losses: total 33.575931549072266, coord 4.898355484008789, obj 2.258300304412842, noobj 21.03980827331543, class 2.617891550064087]
INFO:root:[Epoch 0/30, Batch 37/69863] [Losses: total 98.13468933105469, coord 16.792861938476562, obj 9.572656631469727, noobj 20.039710998535156, class 0.5897850394248962]
INFO:root:[Epoch 0/30, Batch 38/69863] [Losses: total 94.4291763305664, coord 13.709035873413086, obj 11.64162540435791, noobj 49.041404724121094, class 4.434088706970215]
INFO:root:[Epoch 0/30, Batch 39/69863] [Losses: total 527.2495727539062, coord 100.80503845214844, obj 10.670801162719727, noobj 50.30043029785156, class 2.4934887886047363]
INFO:root:[Epoch 0/30, Batch 40/69863] [Losses: total 140.07284545898438, coord 25.02114486694336, obj 7.7271199226379395, noobj 26.53966522216797, class 1.9320642948150635]
INFO:root:[Epoch 0/30, Batch 41/69863] [Losses: total 189.34300231933594, coord 33.95933151245117, obj 7.791121006011963, noobj 53.19221115112305, class 1.1167795658111572]
INFO:root:[Epoch 0/30, Batch 42/69863] [Losses: total 330.40582275390625, coord 58.95732116699219, obj 23.360517501831055, noobj 49.90472412109375, class 2.277733087539673]
INFO:root:[Epoch 0/30, Batch 43/69863] [Losses: total 264.7039794921875, coord 43.737464904785156, obj 28.646509170532227, noobj 50.95494079589844, class 7.179172039031982]
INFO:root:[Epoch 0/30, Batch 44/69863] [Losses: total 60.923980712890625, coord 7.6751532554626465, obj 9.042094230651855, noobj 48.9657096862793, class 3.7129764556884766]
INFO:root:[Epoch 0/30, Batch 45/69863] [Losses: total 102.73464965820312, coord 14.85922622680664, obj 5.931695461273193, noobj 38.063968658447266, class 14.894037246704102]
INFO:root:[Epoch 0/30, Batch 46/69863] [Losses: total 98.47244262695312, coord 17.237327575683594, obj 8.046990394592285, noobj 19.30915641784668, class 0.3769819140434265]
INFO:root:[Epoch 0/30, Batch 47/69863] [Losses: total 58.69590759277344, coord 9.547125816345215, obj 4.14129638671875, noobj 30.304962158203125, class 0.7579870223999023]
INFO:root:[Epoch 0/30, Batch 48/69863] [Losses: total 253.86378479003906, coord 45.964027404785156, obj 12.371299743652344, noobj 55.674888610839844, class 0.5373762845993042]
INFO:root:[Epoch 0/30, Batch 49/69863] [Losses: total 97.8951416015625, coord 17.510805130004883, obj 2.053595781326294, noobj 34.744564056396484, class 1.3386099338531494]
INFO:root:[Epoch 0/30, Batch 50/69863] [Losses: total 239.93885803222656, coord 41.34075164794922, obj 28.666763305664062, noobj 16.058284759521484, class 1.3566733598709106]
INFO:root:[Epoch 0/30, Batch 51/69863] [Losses: total 94.19624328613281, coord 14.025819778442383, obj 5.387660980224609, noobj 72.1919937133789, class 4.241081714630127]
INFO:root:[Epoch 0/30, Batch 52/69863] [Losses: total 538.0223388671875, coord 100.26420593261719, obj 17.70144271850586, noobj 66.24781799316406, class 5.750253677368164]
INFO:root:[Epoch 0/30, Batch 53/69863] [Losses: total 48.61525344848633, coord 6.642696380615234, obj 8.156434059143066, noobj 35.554046630859375, class 0.13452714681625366]
INFO:root:[Epoch 0/30, Batch 54/69863] [Losses: total 104.26693725585938, coord 17.35161018371582, obj 6.137383460998535, noobj 45.633644104003906, class 2.2447731494903564]
INFO:root:[Epoch 0/30, Batch 55/69863] [Losses: total 133.42486572265625, coord 23.03968048095703, obj 1.211952805519104, noobj 29.575809478759766, class 11.099349975585938]
INFO:root:[Epoch 0/30, Batch 56/69863] [Losses: total 26.522480010986328, coord 4.186305999755859, obj 3.61352801322937, noobj 9.056333541870117, class 0.16615571081638336]
INFO:root:[Epoch 0/30, Batch 57/69863] [Losses: total 268.78802490234375, coord 45.21247482299805, obj 18.887958526611328, noobj 21.633764266967773, class 19.51094627380371]
INFO:root:[Epoch 0/30, Batch 58/69863] [Losses: total 82.62748718261719, coord 13.52035140991211, obj 4.078152179718018, noobj 19.70425033569336, class 7.006726264953613]
INFO:root:[Epoch 0/30, Batch 59/69863] [Losses: total 160.2949676513672, coord 29.913711547851562, obj 2.0834813117980957, noobj 42.47706604003906, class 0.1475137174129486]
INFO:root:[Epoch 0/30, Batch 60/69863] [Losses: total 770.264892578125, coord 143.73277282714844, obj 29.229320526123047, noobj 82.09382629394531, class 5.952915191650391]
INFO:root:[Epoch 0/30, Batch 61/69863] [Losses: total 64.32598114013672, coord 11.763082504272461, obj 1.541574478149414, noobj 18.377580642700195, class 0.2934783101081848]
INFO:root:[Epoch 0/30, Batch 62/69863] [Losses: total 49.06890869140625, coord 7.663626670837402, obj 7.293691635131836, noobj 16.233989715576172, class 0.21028585731983185]
INFO:root:[Epoch 0/30, Batch 63/69863] [Losses: total 404.92047119140625, coord 71.88359832763672, obj 11.488773345947266, noobj 56.40887451171875, class 22.731914520263672]
INFO:root:[Epoch 0/30, Batch 64/69863] [Losses: total 558.230712890625, coord 98.84443664550781, obj 37.02907180786133, noobj 44.002323150634766, class 18.178993225097656]
INFO:root:[Epoch 0/30, Batch 65/69863] [Losses: total 155.88119506835938, coord 26.99435806274414, obj 2.724722385406494, noobj 29.864587783813477, class 12.21176528930664]
INFO:root:[Epoch 0/30, Batch 66/69863] [Losses: total 108.79544830322266, coord 15.136189460754395, obj 15.938514709472656, noobj 39.45553207397461, class 9.284883499145508]
INFO:root:[Epoch 0/30, Batch 67/69863] [Losses: total 222.53982543945312, coord 40.026241302490234, obj 4.204270839691162, noobj 40.49908447265625, class 10.10452651977539]
INFO:root:[Epoch 0/30, Batch 68/69863] [Losses: total 76.20494842529297, coord 12.663275718688965, obj 3.307708978652954, noobj 44.87641143798828, class 0.605578601360321]
INFO:root:[Epoch 0/30, Batch 69/69863] [Losses: total 358.09295654296875, coord 66.65866088867188, obj 11.89421272277832, noobj 54.50877380371094, class 2.0037004947662354]
INFO:root:[Epoch 0/30, Batch 70/69863] [Losses: total 285.41168212890625, coord 52.72901153564453, obj 10.826765060424805, noobj 52.08797836303711, class 0.5222827196121216]
INFO:root:[Epoch 0/30, Batch 71/69863] [Losses: total 422.68438720703125, coord 78.43932342529297, obj 11.866890907287598, noobj 65.68635559082031, class 5.483593940734863]
INFO:root:[Epoch 0/30, Batch 72/69863] [Losses: total 97.3681869506836, coord 18.1033878326416, obj 2.5821919441223145, noobj 19.21338653564453, class 0.4263772964477539]
INFO:root:[Epoch 0/30, Batch 73/69863] [Losses: total 261.0728454589844, coord 45.9067497253418, obj 18.501604080200195, noobj 56.123565673828125, class 1.8127623796463013]
INFO:root:[Epoch 0/30, Batch 74/69863] [Losses: total 305.50982666015625, coord 48.07788848876953, obj 29.588775634765625, noobj 69.1295166015625, class 21.70570945739746]
INFO:root:[Epoch 0/30, Batch 75/69863] [Losses: total 200.38999938964844, coord 36.855445861816406, obj 7.095019340515137, noobj 43.434818267822266, class 0.330798864364624]
INFO:root:[Epoch 0/30, Batch 76/69863] [Losses: total 105.09896850585938, coord 17.209274291992188, obj 6.50733757019043, noobj 31.31167221069336, class 6.282925605773926]
INFO:root:[Epoch 0/30, Batch 77/69863] [Losses: total 332.74700927734375, coord 61.879798889160156, obj 12.267913818359375, noobj 44.69268035888672, class 2.141568660736084]
INFO:root:[Epoch 0/30, Batch 78/69863] [Losses: total 135.1202850341797, coord 24.743942260742188, obj 4.4387359619140625, noobj 32.729835510253906, class 0.41586458683013916]
INFO:root:[Epoch 0/30, Batch 79/69863] [Losses: total 76.43033599853516, coord 11.999305725097656, obj 11.588920593261719, noobj 21.492355346679688, class 0.5464180111885071]
INFO:root:[Epoch 0/30, Batch 80/69863] [Losses: total 594.0742797851562, coord 108.1718521118164, obj 30.149200439453125, noobj 68.8592529296875, class 9.293987274169922]
INFO:root:[Epoch 0/30, Batch 81/69863] [Losses: total 111.39105224609375, coord 17.966508865356445, obj 12.234001159667969, noobj 40.595481872558594, class 1.205409049987793]
INFO:root:[Epoch 0/30, Batch 82/69863] [Losses: total 101.63166809082031, coord 17.13856315612793, obj 6.992875099182129, noobj 22.618253707885742, class 4.422327518463135]
INFO:root:[Epoch 0/30, Batch 83/69863] [Losses: total 233.4457550048828, coord 41.27498245239258, obj 18.820579528808594, noobj 29.94151496887207, class 2.2619664669036865]
INFO:root:[Epoch 0/30, Batch 84/69863] [Losses: total 118.66488647460938, coord 18.779111862182617, obj 14.612831115722656, noobj 42.94231414794922, class 1.5680283308029175]
INFO:root:[Epoch 0/30, Batch 85/69863] [Losses: total 160.71392822265625, coord 26.076927185058594, obj 12.117049217224121, noobj 58.06526184082031, class 6.59918212890625]
INFO:root:[Epoch 0/30, Batch 86/69863] [Losses: total 81.58666229248047, coord 13.868223190307617, obj 3.5263140201568604, noobj 33.10594177246094, class 2.0980424880981445]
INFO:root:[Epoch 0/30, Batch 87/69863] [Losses: total 319.86285400390625, coord 52.03313446044922, obj 49.96466064453125, noobj 39.22554016113281, class 1.8873980045318604]
INFO:root:[Epoch 0/30, Batch 88/69863] [Losses: total 278.6806945800781, coord 48.27202606201172, obj 12.858238220214844, noobj 38.27631378173828, class 16.80706024169922]
INFO:root:[Epoch 0/30, Batch 89/69863] [Losses: total 70.53518676757812, coord 11.129324913024902, obj 10.28354263305664, noobj 17.158313751220703, class 1.1733522415161133]
INFO:root:[Epoch 0/30, Batch 90/69863] [Losses: total 411.7832336425781, coord 72.41129302978516, obj 27.252513885498047, noobj 66.71711730957031, class 9.13084602355957]
INFO:root:[Epoch 0/30, Batch 91/69863] [Losses: total 37.21615982055664, coord 5.917203903198242, obj 1.898439884185791, noobj 27.059127807617188, class 0.3198741674423218]
INFO:root:[Epoch 0/30, Batch 92/69863] [Losses: total 173.20773315429688, coord 32.72502899169922, obj 3.5230770111083984, noobj 28.986936569213867, class 0.26211613416671753]
INFO:root:[Epoch 0/30, Batch 93/69863] [Losses: total 282.8817138671875, coord 51.777862548828125, obj 13.848306655883789, noobj 23.23159408569336, class 5.497770309448242]
INFO:root:[Epoch 0/30, Batch 94/69863] [Losses: total 180.7341766357422, coord 30.23041343688965, obj 17.480422973632812, noobj 56.19041442871094, class 0.8635977506637573]
INFO:root:[Epoch 0/30, Batch 95/69863] [Losses: total 270.99163818359375, coord 43.01148986816406, obj 28.505891799926758, noobj 48.57794189453125, class 17.712690353393555]
INFO:root:[Epoch 0/30, Batch 96/69863] [Losses: total 404.9607238769531, coord 71.06961059570312, obj 27.775564193725586, noobj 49.979713439941406, class 11.841163635253906]
INFO:root:[Epoch 0/30, Batch 97/69863] [Losses: total 533.9735717773438, coord 100.84109497070312, obj 14.952999114990234, noobj 47.10649871826172, class 5.393813133239746]
INFO:root:[Epoch 0/30, Batch 98/69863] [Losses: total 145.9967041015625, coord 22.419551849365234, obj 11.503353118896484, noobj 35.02434158325195, class 15.39071273803711]
INFO:root:[Epoch 0/30, Batch 99/69863] [Losses: total 26.74203872680664, coord 3.3816840648651123, obj 0.5202628970146179, noobj 32.80693054199219, class 2.751969337463379]
INFO:root:[Epoch 0/30, Batch 100/69863] [Losses: total 243.799072265625, coord 42.50371551513672, obj 16.60023307800293, noobj 52.24285888671875, class 4.231683731079102]
INFO:root:[Epoch 0/30, Batch 101/69863] [Losses: total 277.264404296875, coord 49.96458435058594, obj 13.282758712768555, noobj 57.632747650146484, class 2.6321725845336914]
INFO:root:[Epoch 0/30, Batch 102/69863] [Losses: total 217.66265869140625, coord 41.05205535888672, obj 6.736140251159668, noobj 26.179494857788086, class 0.43034127354621887]
INFO:root:[Epoch 0/30, Batch 103/69863] [Losses: total 671.1085205078125, coord 124.37508392333984, obj 24.193042755126953, noobj 50.324066162109375, class 14.97526741027832]
INFO:root:[Epoch 0/30, Batch 104/69863] [Losses: total 358.5103454589844, coord 65.59587097167969, obj 14.001752853393555, noobj 42.54462814331055, class 8.020301818847656]
INFO:root:[Epoch 0/30, Batch 105/69863] [Losses: total 93.94015502929688, coord 14.679681777954102, obj 9.330491065979004, noobj 44.49074935913086, class 2.3131043910980225]
INFO:root:[Epoch 0/30, Batch 106/69863] [Losses: total 80.7408447265625, coord 12.402589797973633, obj 7.918620586395264, noobj 28.97199249267578, class 5.014883041381836]
INFO:root:[Epoch 0/30, Batch 107/69863] [Losses: total 81.07704162597656, coord 14.904215812683105, obj 2.0372259616851807, noobj 22.034875869750977, class 0.1117599606513977]
INFO:root:[Epoch 0/30, Batch 108/69863] [Losses: total 81.56773376464844, coord 12.403016090393066, obj 8.664246559143066, noobj 21.688941955566406, class 6.550617694854736]
INFO:root:[Epoch 0/30, Batch 109/69863] [Losses: total 83.9548568725586, coord 14.787734985351562, obj 4.620095729827881, noobj 20.741798400878906, class 1.2477275133132935]
INFO:root:[Epoch 0/30, Batch 110/69863] [Losses: total 180.40341186523438, coord 31.859298706054688, obj 9.92568302154541, noobj 41.919857025146484, class 2.7972660064697266]
INFO:root:[Epoch 0/30, Batch 111/69863] [Losses: total 113.64469146728516, coord 17.880538940429688, obj 9.06655502319336, noobj 47.22343063354492, class 5.7307538986206055]
INFO:root:[Epoch 0/30, Batch 112/69863] [Losses: total 255.6166229248047, coord 44.60441207885742, obj 9.379462242126465, noobj 46.96452331542969, class 13.822189331054688]
INFO:root:[Epoch 0/30, Batch 113/69863] [Losses: total 182.85638427734375, coord 32.076812744140625, obj 10.637190818786621, noobj 55.69505310058594, class 0.6961225867271423]
INFO:root:[Epoch 0/30, Batch 114/69863] [Losses: total 144.5122833251953, coord 24.44744873046875, obj 10.397951126098633, noobj 49.096412658691406, class 2.057807207107544]
INFO:root:[Epoch 0/30, Batch 115/69863] [Losses: total 145.3832550048828, coord 23.891925811767578, obj 14.743488311767578, noobj 42.62983703613281, class 2.6541800498962402]
INFO:root:[Epoch 0/30, Batch 116/69863] [Losses: total 424.2763977050781, coord 79.0484848022461, obj 16.234365463256836, noobj 36.693565368652344, class 5.460877418518066]
INFO:root:[Epoch 0/30, Batch 117/69863] [Losses: total 176.1522979736328, coord 26.955211639404297, obj 13.263209342956543, noobj 55.31306838989258, class 17.0504150390625]
INFO:root:[Epoch 0/30, Batch 118/69863] [Losses: total 120.91702270507812, coord 18.593759536743164, obj 14.833995819091797, noobj 30.218259811401367, class 7.070579528808594]
INFO:root:[Epoch 0/30, Batch 119/69863] [Losses: total 63.650062561035156, coord 9.940425872802734, obj 5.021819114685059, noobj 39.65233612060547, class 0.9956467151641846]
INFO:root:[Epoch 0/30, Batch 120/69863] [Losses: total 146.155517578125, coord 26.42854118347168, obj 8.560720443725586, noobj 23.107818603515625, class 0.8305349349975586]
INFO:root:[Epoch 0/30, Batch 121/69863] [Losses: total 189.4461212158203, coord 34.76836395263672, obj 8.134100914001465, noobj 30.752748489379883, class 1.3196454048156738]
INFO:root:[Epoch 0/30, Batch 122/69863] [Losses: total 165.98458862304688, coord 28.76951026916504, obj 6.144438743591309, noobj 33.418792724609375, class 9.308844566345215]
INFO:root:[Epoch 0/30, Batch 123/69863] [Losses: total 189.4898681640625, coord 28.856727600097656, obj 19.599172592163086, noobj 41.67832946777344, class 17.271400451660156]
INFO:root:[Epoch 0/30, Batch 124/69863] [Losses: total 284.25286865234375, coord 50.535701751708984, obj 17.00493049621582, noobj 48.63258361816406, class 4.842892646789551]
INFO:root:[Epoch 0/30, Batch 125/69863] [Losses: total 31.32014274597168, coord 4.655546188354492, obj 1.530163288116455, noobj 28.93036651611328, class 0.7261756658554077]
INFO:root:[Epoch 0/30, Batch 126/69863] [Losses: total 134.9867706298828, coord 25.883419036865234, obj 1.3427064418792725, noobj 19.868331909179688, class 0.2532970607280731]
INFO:root:[Epoch 0/30, Batch 127/69863] [Losses: total 598.8773803710938, coord 113.31724548339844, obj 13.718694686889648, noobj 57.08854675292969, class 7.1547136306762695]
INFO:root:[Epoch 0/30, Batch 128/69863] [Losses: total 325.793212890625, coord 61.83939743041992, obj 6.297234058380127, noobj 46.444522857666016, class 1.0100979804992676]
INFO:root:[Epoch 0/30, Batch 129/69863] [Losses: total 123.28115844726562, coord 19.570825576782227, obj 12.570759773254395, noobj 47.468692779541016, class 3.3625295162200928]
INFO:root:[Epoch 0/30, Batch 130/69863] [Losses: total 525.7987670898438, coord 95.44718170166016, obj 30.494247436523438, noobj 43.09449005126953, class 9.449732780456543]
INFO:root:[Epoch 0/30, Batch 131/69863] [Losses: total 267.463623046875, coord 50.898624420166016, obj 3.566742420196533, noobj 37.14077377319336, class 1.9755964279174805]
INFO:root:[Epoch 0/30, Batch 132/69863] [Losses: total 340.1505126953125, coord 58.11659240722656, obj 31.987672805786133, noobj 34.10272216796875, class 10.759337425231934]
INFO:root:[Epoch 0/30, Batch 133/69863] [Losses: total 342.43511962890625, coord 63.651920318603516, obj 15.472412109375, noobj 37.492919921875, class 1.2045233249664307]
INFO:root:[Epoch 0/30, Batch 134/69863] [Losses: total 98.81961822509766, coord 16.323762893676758, obj 5.8654327392578125, noobj 45.591896057128906, class 2.216993808746338]
INFO:root:[Epoch 0/30, Batch 135/69863] [Losses: total 227.6973114013672, coord 39.53994369506836, obj 14.46922492980957, noobj 51.479862213134766, class 5.232391357421875]
INFO:root:[Epoch 0/30, Batch 136/69863] [Losses: total 30.744483947753906, coord 4.467635154724121, obj 2.1008315086364746, noobj 28.934099197387695, class 0.5186558961868286]
