INFO:root:loading checkpoint from file './epoch78.pt'
DEBUG:matplotlib:CACHEDIR=/home/loki/.cache/matplotlib
DEBUG:matplotlib.font_manager:Using fontManager instance from /home/loki/.cache/matplotlib/fontlist-v310.json
DEBUG:matplotlib.pyplot:Loaded backend module://backend_interagg version unknown.
INFO:root:[Epoch 0/30, Batch 0/69863] [Losses: total 442.4625244140625, coord 81.42529296875, obj 22.902063369750977, noobj 52.36779022216797, class 1.9604355096817017]
INFO:root:[Epoch 0/30, Batch 1/69863] [Losses: total 175.5165252685547, coord 31.43889617919922, obj 2.948207378387451, noobj 28.188465118408203, class 9.736139297485352]
INFO:root:[Epoch 0/30, Batch 2/69863] [Losses: total 201.52685546875, coord 30.96320343017578, obj 20.34832763671875, noobj 54.79829788208008, class 15.402860641479492]
INFO:root:[Epoch 0/30, Batch 3/69863] [Losses: total 498.2370910644531, coord 92.23079681396484, obj 11.879156112670898, noobj 52.69977951049805, class 14.663995742797852]
INFO:root:[Epoch 0/30, Batch 4/69863] [Losses: total 119.67193603515625, coord 20.013120651245117, obj 3.669851779937744, noobj 28.460243225097656, class 10.244426727294922]
INFO:root:[Epoch 0/30, Batch 5/69863] [Losses: total 343.308349609375, coord 58.88252639770508, obj 30.08905792236328, noobj 67.91827392578125, class 5.2230024337768555]
INFO:root:[Epoch 0/30, Batch 6/69863] [Losses: total 372.1728210449219, coord 69.51473999023438, obj 9.828346252441406, noobj 36.622772216796875, class 7.446208953857422]
INFO:root:[Epoch 0/30, Batch 7/69863] [Losses: total 357.7120361328125, coord 64.25755310058594, obj 25.552478790283203, noobj 35.717681884765625, class 3.72822904586792]
INFO:root:[Epoch 0/30, Batch 8/69863] [Losses: total 183.26144409179688, coord 32.59111404418945, obj 8.115701675415039, noobj 46.85186004638672, class 2.8198084831237793]
INFO:root:[Epoch 0/30, Batch 9/69863] [Losses: total 596.85205078125, coord 110.10436248779297, obj 24.427806854248047, noobj 38.872413635253906, class 14.12797737121582]
INFO:root:[Epoch 0/30, Batch 10/69863] [Losses: total 324.7584533691406, coord 59.012962341308594, obj 20.378223419189453, noobj 33.54922866821289, class 2.6055757999420166]
INFO:root:[Epoch 0/30, Batch 11/69863] [Losses: total 253.91204833984375, coord 44.80323028564453, obj 13.52851676940918, noobj 48.26524353027344, class 6.714332580566406]
INFO:root:[Epoch 0/30, Batch 12/69863] [Losses: total 105.20691680908203, coord 15.750925064086914, obj 11.319391250610352, noobj 33.398651123046875, class 8.453168869018555]
INFO:root:[Epoch 0/30, Batch 13/69863] [Losses: total 282.4637451171875, coord 52.097381591796875, obj 12.206177711486816, noobj 36.644676208496094, class 2.4417319297790527]
INFO:root:[Epoch 0/30, Batch 14/69863] [Losses: total 452.98382568359375, coord 87.4738540649414, obj 7.88739013671875, noobj 33.93304443359375, class 0.9405747056007385]
INFO:root:[Epoch 0/30, Batch 15/69863] [Losses: total 198.26089477539062, coord 35.26503372192383, obj 9.756911277770996, noobj 30.189537048339844, class 6.140913009643555]
INFO:root:[Epoch 0/30, Batch 16/69863] [Losses: total 446.26373291015625, coord 79.73089599609375, obj 27.24788475036621, noobj 55.20635986328125, class 9.320103645324707]
INFO:root:[Epoch 0/30, Batch 17/69863] [Losses: total 58.373348236083984, coord 8.0256986618042, obj 10.41469955444336, noobj 29.934062957763672, class 1.8433423042297363]
INFO:root:[Epoch 0/30, Batch 18/69863] [Losses: total 35.89417266845703, coord 4.5172224044799805, obj 4.199429512023926, noobj 14.588937759399414, class 6.19084358215332]
INFO:root:[Epoch 0/30, Batch 19/69863] [Losses: total 205.97317504882812, coord 38.05915832519531, obj 7.277703762054443, noobj 40.176265716552734, class 0.36442500352859497]
INFO:root:[Epoch 0/30, Batch 20/69863] [Losses: total 341.33074951171875, coord 52.995243072509766, obj 18.926795959472656, noobj 58.80887222290039, class 45.665958404541016]
INFO:root:[Epoch 0/30, Batch 21/69863] [Losses: total 46.69084167480469, coord 7.697605609893799, obj 0.6412230730056763, noobj 36.89250183105469, class 0.18308764696121216]
INFO:root:[Epoch 0/30, Batch 22/69863] [Losses: total 244.51148986816406, coord 46.25260543823242, obj 4.260797500610352, noobj 14.519371032714844, class 6.0837907791137695]
INFO:root:[Epoch 0/30, Batch 23/69863] [Losses: total 193.90121459960938, coord 31.044452667236328, obj 20.578279495239258, noobj 40.983543395996094, class 9.903976440429688]
INFO:root:[Epoch 0/30, Batch 24/69863] [Losses: total 49.215492248535156, coord 4.610017776489258, obj 17.51447868347168, noobj 33.76221466064453, class 1.8984787464141846]
INFO:root:[Epoch 0/30, Batch 25/69863] [Losses: total 134.16690063476562, coord 22.841617584228516, obj 5.5263190269470215, noobj 35.280677795410156, class 7.376354217529297]
INFO:root:[Epoch 0/30, Batch 26/69863] [Losses: total 281.7898864746094, coord 48.77833557128906, obj 23.974666595458984, noobj 34.413597106933594, class 7.040824890136719]
INFO:root:[Epoch 0/30, Batch 27/69863] [Losses: total 449.2419128417969, coord 80.485595703125, obj 16.948400497436523, noobj 49.895118713378906, class 19.886499404907227]
INFO:root:[Epoch 0/30, Batch 28/69863] [Losses: total 207.33499145507812, coord 38.25501251220703, obj 8.985540390014648, noobj 30.834516525268555, class 0.9074861407279968]
INFO:root:[Epoch 0/30, Batch 29/69863] [Losses: total 275.5240783691406, coord 47.61909484863281, obj 18.294218063354492, noobj 74.4676742553711, class 4.2408552169799805]
INFO:root:[Epoch 0/30, Batch 30/69863] [Losses: total 148.83970642089844, coord 27.540002822875977, obj 5.350332736968994, noobj 18.594465255737305, class 2.070469856262207]
INFO:root:[Epoch 0/30, Batch 31/69863] [Losses: total 507.4076232910156, coord 91.09416198730469, obj 28.31203269958496, noobj 54.85026550292969, class 12.654714584350586]
INFO:root:[Epoch 0/30, Batch 32/69863] [Losses: total 155.7624969482422, coord 28.453779220581055, obj 6.135059833526611, noobj 34.98640823364258, class 0.361267626285553]
INFO:root:[Epoch 0/30, Batch 33/69863] [Losses: total 44.97087860107422, coord 6.090231895446777, obj 3.0303735733032227, noobj 23.52722930908203, class 6.783896446228027]
INFO:root:[Epoch 0/30, Batch 34/69863] [Losses: total 1217.0845947265625, coord 229.4160614013672, obj 49.68860626220703, noobj 51.324745178222656, class 10.050756454467773]
INFO:root:[Epoch 0/30, Batch 35/69863] [Losses: total 257.8528747558594, coord 48.363521575927734, obj 5.663609981536865, noobj 50.37289047241211, class 0.2970708906650543]
INFO:root:[Epoch 0/30, Batch 36/69863] [Losses: total 453.85736083984375, coord 73.26990509033203, obj 32.16151428222656, noobj 69.55184936523438, class 41.43596649169922]
INFO:root:[Epoch 0/30, Batch 37/69863] [Losses: total 127.11058044433594, coord 22.48431968688965, obj 5.000901222229004, noobj 43.72399139404297, class 0.9432844519615173]
INFO:root:[Epoch 0/30, Batch 38/69863] [Losses: total 1495.61572265625, coord 284.0957336425781, obj 47.45211410522461, noobj 68.40009307861328, class 14.004976272583008]
INFO:root:[Epoch 0/30, Batch 39/69863] [Losses: total 269.92791748046875, coord 47.64093017578125, obj 21.120939254760742, noobj 43.696983337402344, class 1.8629300594329834]
INFO:root:[Epoch 0/30, Batch 40/69863] [Losses: total 147.16111755371094, coord 26.527755737304688, obj 3.6981635093688965, noobj 30.725168228149414, class 4.679135322570801]
INFO:root:[Epoch 0/30, Batch 41/69863] [Losses: total 99.32585906982422, coord 15.295312881469727, obj 7.020676136016846, noobj 70.15635681152344, class 1.7973482608795166]
